<?xml version="1.0" encoding="UTF-8"?>
<!-- Generated by org.testng.reporters.JUnitReportReporter -->
<testsuite hostname="DESKTOP-NQ2L7NS" failures="0" tests="3" name="Day2.practice" time="2.244" errors="0" timestamp="2024-03-05T13:15:31 IST" skipped="0">
  <testcase classname="Day2.practice" name="externalfile" time="2.096"/>
  <system-out/>
  <testcase classname="Day2.practice" name="deleteuser" time="0.044"/>
  <system-out/>
  <testcase classname="Day2.practice" name="getusers" time="0.104"/>
  <system-out/>
</testsuite> <!-- Day2.practice -->
