<?xml version="1.0" encoding="UTF-8"?>
<!-- Generated by org.testng.reporters.JUnitReportReporter -->
<testsuite hostname="DESKTOP-NQ2L7NS" failures="0" tests="1" name="Day4.ParsingJSONResponse" time="1.339" errors="0" timestamp="2024-03-18T15:32:40 IST" skipped="0">
  <testcase classname="Day4.ParsingJSONResponse" name="jsonobject" time="1.339"/>
  <system-out/>
</testsuite> <!-- Day4.ParsingJSONResponse -->
