<?xml version="1.0" encoding="UTF-8"?>
<!-- Generated by org.testng.reporters.JUnitReportReporter -->
<testsuite hostname="DESKTOP-NQ2L7NS" failures="0" tests="1" name="Day8.add" time="3.861" errors="0" timestamp="2024-03-29T17:07:37 IST" skipped="0">
  <testcase classname="Day8.add" name="CreateUser" time="3.861"/>
  <system-out/>
</testsuite> <!-- Day8.add -->
