<?xml version="1.0" encoding="UTF-8"?>
<!-- Generated by org.testng.reporters.JUnitReportReporter -->
<testsuite hostname="DESKTOP-NQ2L7NS" failures="0" tests="1" name="Day5.fileupload_and_filedownload" time="1.500" errors="0" timestamp="2024-03-21T11:06:05 IST" skipped="0">
  <testcase classname="Day5.fileupload_and_filedownload" name="filedownload" time="1.500"/>
  <system-out/>
</testsuite> <!-- Day5.fileupload_and_filedownload -->
