<?xml version="1.0" encoding="UTF-8"?>
<!-- Generated by org.testng.reporters.JUnitReportReporter -->
<testsuite hostname="DESKTOP-NQ2L7NS" failures="0" tests="1" name="Day3.CookiesDemo" time="2.081" errors="0" timestamp="2024-03-15T15:11:46 IST" skipped="0">
  <testcase classname="Day3.CookiesDemo" name="getallCookies" time="2.081"/>
  <system-out/>
</testsuite> <!-- Day3.CookiesDemo -->
