<?xml version="1.0" encoding="UTF-8"?>
<!-- Generated by org.testng.reporters.JUnitReportReporter -->
<testsuite hostname="DESKTOP-NQ2L7NS" failures="0" tests="1" name="Day3.PathandQueryParameter" time="1.458" errors="0" timestamp="2024-03-15T11:58:56 IST" skipped="0">
  <testcase classname="Day3.PathandQueryParameter" name="param" time="1.458"/>
  <system-out/>
</testsuite> <!-- Day3.PathandQueryParameter -->
