<?xml version="1.0" encoding="UTF-8"?>
<!-- Generated by org.testng.reporters.JUnitReportReporter -->
<testsuite hostname="DESKTOP-NQ2L7NS" failures="0" tests="1" name="Day4.day4_practice" time="2.579" errors="0" timestamp="2024-04-12T17:05:37 IST" skipped="0">
  <testcase classname="Day4.day4_practice" name="test2" time="2.579"/>
  <system-out/>
</testsuite> <!-- Day4.day4_practice -->
