<?xml version="1.0" encoding="UTF-8"?>
<!-- Generated by org.testng.reporters.JUnitReportReporter -->
<testsuite hostname="DESKTOP-NQ2L7NS" failures="0" tests="1" name="Day2.WaysToCreateRequestBody" time="1.495" errors="0" timestamp="2024-03-29T12:28:27 IST" skipped="0">
  <testcase classname="Day2.WaysToCreateRequestBody" name="orgjson" time="1.495"/>
  <system-out/>
</testsuite> <!-- Day2.WaysToCreateRequestBody -->
