<?xml version="1.0" encoding="UTF-8"?>
<!-- Generated by org.testng.reporters.JUnitReportReporter -->
<testsuite hostname="DESKTOP-NQ2L7NS" failures="0" tests="1" name="Day7.day7_practice" time="0.323" errors="0" timestamp="2024-04-16T18:01:39 IST" skipped="0">
  <testcase classname="Day7.day7_practice" name="test" time="0.323"/>
  <system-out/>
</testsuite> <!-- Day7.day7_practice -->
