<?xml version="1.0" encoding="UTF-8"?>
<!-- Generated by org.testng.reporters.JUnitReportReporter -->
<testsuite hostname="DESKTOP-NQ2L7NS" failures="0" tests="1" name="Practice_Day8.delete" time="0.045" errors="0" timestamp="2024-05-06T10:30:22 IST" skipped="0">
  <testcase classname="Practice_Day8.delete" name="deleteuser" time="0.045"/>
  <system-out/>
</testsuite> <!-- Practice_Day8.delete -->
