<?xml version="1.0" encoding="UTF-8"?>
<!-- Generated by org.testng.reporters.JUnitReportReporter -->
<testsuite hostname="DESKTOP-NQ2L7NS" failures="0" tests="1" name="Day7.Faker" time="0.600" errors="0" timestamp="2024-03-27T18:15:25 IST" skipped="0">
  <testcase classname="Day7.Faker" name="randomdata" time="0.600"/>
  <system-out/>
</testsuite> <!-- Day7.Faker -->
