<?xml version="1.0" encoding="UTF-8"?>
<!-- Generated by org.testng.reporters.JUnitReportReporter -->
<testsuite hostname="DESKTOP-NQ2L7NS" failures="0" tests="1" name="Day3.HeaderDemo" time="1.903" errors="0" timestamp="2024-03-15T15:47:19 IST" skipped="0">
  <testcase classname="Day3.HeaderDemo" name="header" time="1.903"/>
  <system-out/>
</testsuite> <!-- Day3.HeaderDemo -->
