<?xml version="1.0" encoding="UTF-8"?>
<!-- Generated by org.testng.reporters.JUnitReportReporter -->
<testsuite hostname="DESKTOP-NQ2L7NS" failures="0" tests="1" name="Day1.HTTPRequest" time="1.403" errors="0" timestamp="2024-03-01T11:24:56 IST" skipped="0">
  <testcase classname="Day1.HTTPRequest" name="getusers" time="1.403"/>
  <system-out/>
</testsuite> <!-- Day1.HTTPRequest -->
