<?xml version="1.0" encoding="UTF-8"?>
<!-- Generated by org.testng.reporters.JUnitReportReporter -->
<testsuite hostname="DESKTOP-NQ2L7NS" failures="0" tests="1" name="Day8.Create_API_Chaining" time="2.184" errors="0" timestamp="2024-04-30T12:37:07 IST" skipped="0">
  <testcase classname="Day8.Create_API_Chaining" name="CreateUser" time="2.184"/>
  <system-out/>
</testsuite> <!-- Day8.Create_API_Chaining -->
