<?xml version="1.0" encoding="UTF-8"?>
<!-- Generated by org.testng.reporters.JUnitReportReporter -->
<testsuite hostname="DESKTOP-NQ2L7NS" failures="0" tests="1" name="Day8.Update_User" time="0.114" errors="0" timestamp="2024-03-29T17:46:12 IST" skipped="0">
  <testcase classname="Day8.Update_User" name="updateuser" time="0.114"/>
  <system-out/>
</testsuite> <!-- Day8.Update_User -->
