<?xml version="1.0" encoding="UTF-8"?>
<!-- Generated by org.testng.reporters.JUnitReportReporter -->
<testsuite hostname="DESKTOP-NQ2L7NS" failures="0" tests="1" name="Day6.POJO_JSON" time="0.446" errors="0" timestamp="2024-03-26T17:51:23 IST" skipped="0">
  <testcase classname="Day6.POJO_JSON" name="JSON_POJO" time="0.446"/>
  <system-out/>
</testsuite> <!-- Day6.POJO_JSON -->
