<?xml version="1.0" encoding="UTF-8"?>
<!-- Generated by org.testng.reporters.JUnitReportReporter -->
<testsuite hostname="DESKTOP-NQ2L7NS" failures="0" tests="2" name="Day5.practice" time="2.264" errors="0" timestamp="2024-03-21T11:25:30 IST" skipped="0">
  <testcase classname="Day5.practice" name="downloadfile" time="1.441"/>
  <system-out/>
  <testcase classname="Day5.practice" name="uploadsinglefile" time="0.823"/>
  <system-out/>
</testsuite> <!-- Day5.practice -->
