<?xml version="1.0" encoding="UTF-8"?>
<!-- Generated by org.testng.reporters.JUnitReportReporter -->
<testsuite hostname="DESKTOP-NQ2L7NS" failures="0" tests="1" name="Day1.day1_practice" time="3.462" errors="0" timestamp="2024-04-15T16:07:22 IST" skipped="0">
  <testcase classname="Day1.day1_practice" name="test1" time="3.462"/>
  <system-out/>
</testsuite> <!-- Day1.day1_practice -->
