<?xml version="1.0" encoding="UTF-8"?>
<!-- Generated by org.testng.reporters.JUnitReportReporter -->
<testsuite hostname="DESKTOP-NQ2L7NS" failures="0" tests="1" name="Day2.day2_practice" time="2.806" errors="0" timestamp="2024-04-15T16:07:40 IST" skipped="0">
  <testcase classname="Day2.day2_practice" name="test" time="2.806"/>
  <system-out/>
</testsuite> <!-- Day2.day2_practice -->
