<?xml version="1.0" encoding="UTF-8"?>
<!-- Generated by org.testng.reporters.JUnitReportReporter -->
<testsuite hostname="DESKTOP-NQ2L7NS" failures="0" tests="1" name="Day6.Practice" time="0.253" errors="0" timestamp="2024-03-27T11:21:09 IST" skipped="0">
  <testcase classname="Day6.Practice" name="JSON_POJO" time="0.253"/>
  <system-out/>
</testsuite> <!-- Day6.Practice -->
