<?xml version="1.0" encoding="UTF-8"?>
<!-- Generated by org.testng.reporters.JUnitReportReporter -->
<testsuite hostname="DESKTOP-NQ2L7NS" failures="0" tests="1" name="Day7.Practice" time="1.422" errors="0" timestamp="2024-03-28T11:39:12 IST" skipped="0">
  <testcase classname="Day7.Practice" name="test2" time="1.422"/>
  <system-out/>
</testsuite> <!-- Day7.Practice -->
