<?xml version="1.0" encoding="UTF-8"?>
<!-- Generated by org.testng.reporters.JUnitReportReporter -->
<testsuite hostname="DESKTOP-NQ2L7NS" failures="0" tests="1" name="Day8.GetUser" time="0.111" errors="0" timestamp="2024-03-29T17:46:12 IST" skipped="0">
  <testcase classname="Day8.GetUser" name="getuser" time="0.111"/>
  <system-out/>
</testsuite> <!-- Day8.GetUser -->
