<?xml version="1.0" encoding="UTF-8"?>
<!-- Generated by org.testng.reporters.JUnitReportReporter -->
<testsuite hostname="DESKTOP-NQ2L7NS" failures="0" tests="1" name="Day5.day5_practice" time="2.499" errors="0" timestamp="2024-04-15T15:38:37 IST" skipped="0">
  <testcase classname="Day5.day5_practice" name="test2" time="2.499"/>
  <system-out/>
</testsuite> <!-- Day5.day5_practice -->
