<?xml version="1.0" encoding="UTF-8"?>
<!-- Generated by org.testng.reporters.JUnitReportReporter -->
<testsuite hostname="DESKTOP-NQ2L7NS" failures="0" tests="1" name="Day6.day6_practice" time="0.555" errors="0" timestamp="2024-04-16T15:50:20 IST" skipped="0">
  <testcase classname="Day6.day6_practice" name="test2" time="0.555"/>
  <system-out/>
</testsuite> <!-- Day6.day6_practice -->
