<?xml version="1.0" encoding="UTF-8"?>
<!-- Generated by org.testng.reporters.JUnitReportReporter -->
<testsuite hostname="DESKTOP-NQ2L7NS" failures="0" tests="1" name="PracticeDay8.create" time="2.134" errors="0" timestamp="2024-04-01T15:55:51 IST" skipped="0">
  <testcase classname="PracticeDay8.create" name="create" time="2.134"/>
  <system-out/>
</testsuite> <!-- PracticeDay8.create -->
