<?xml version="1.0" encoding="UTF-8"?>
<!-- Generated by org.testng.reporters.JUnitReportReporter -->
<testsuite hostname="DESKTOP-NQ2L7NS" failures="0" tests="1" name="Practice_Day8.getuser" time="0.146" errors="0" timestamp="2024-05-06T10:30:22 IST" skipped="0">
  <testcase classname="Practice_Day8.getuser" name="get" time="0.146"/>
  <system-out/>
</testsuite> <!-- Practice_Day8.getuser -->
