<?xml version="1.0" encoding="UTF-8"?>
<!-- Generated by org.testng.reporters.JUnitReportReporter -->
<testsuite hostname="DESKTOP-NQ2L7NS" failures="0" tests="4" name="Day1.practice" time="2.430" errors="0" timestamp="2024-03-05T10:43:04 IST" skipped="0">
  <testcase classname="Day1.practice" name="createuser" time="2.250"/>
  <system-out/>
  <testcase classname="Day1.practice" name="updateuser" time="0.104"/>
  <system-out/>
  <testcase classname="Day1.practice" name="deleteuser" time="0.028"/>
  <system-out/>
  <testcase classname="Day1.practice" name="getusers" time="0.048"/>
  <system-out/>
</testsuite> <!-- Day1.practice -->
