<?xml version="1.0" encoding="UTF-8"?>
<!-- Generated by org.testng.reporters.JUnitReportReporter -->
<testsuite hostname="DESKTOP-NQ2L7NS" failures="0" tests="1" name="Day3.day3_practice" time="4.296" errors="0" timestamp="2024-04-12T11:16:26 IST" skipped="0">
  <testcase classname="Day3.day3_practice" name="test3" time="4.296"/>
  <system-out/>
</testsuite> <!-- Day3.day3_practice -->
