<?xml version="1.0" encoding="UTF-8"?>
<!-- Generated by org.testng.reporters.JUnitReportReporter -->
<testsuite hostname="DESKTOP-NQ2L7NS" failures="0" tests="2" name="Day2.practice2" time="1.543" errors="0" timestamp="2024-03-15T11:59:09 IST" skipped="0">
  <testcase classname="Day2.practice2" name="external" time="1.483"/>
  <system-out/>
  <testcase classname="Day2.practice2" name="getuser" time="0.060"/>
  <system-out/>
</testsuite> <!-- Day2.practice2 -->
