<?xml version="1.0" encoding="UTF-8"?>
<!-- Generated by org.testng.reporters.JUnitReportReporter -->
<testsuite hostname="DESKTOP-NQ2L7NS" failures="0" tests="1" name="Practice_Day8.Create" time="4.406" errors="0" timestamp="2024-05-07T11:26:13 IST" skipped="0">
  <testcase classname="Practice_Day8.Create" name="create" time="4.406"/>
  <system-out/>
</testsuite> <!-- Practice_Day8.Create -->
