<?xml version="1.0" encoding="UTF-8"?>
<!-- Generated by org.testng.reporters.JUnitReportReporter -->
<testsuite hostname="DESKTOP-NQ2L7NS" failures="0" tests="3" name="Day1.practice2" time="2.405" errors="0" timestamp="2024-03-15T11:13:21 IST" skipped="0">
  <testcase classname="Day1.practice2" name="createuser" time="2.253"/>
  <system-out/>
  <testcase classname="Day1.practice2" name="updateuser" time="0.106"/>
  <system-out/>
  <testcase classname="Day1.practice2" name="getusers" time="0.046"/>
  <system-out/>
</testsuite> <!-- Day1.practice2 -->
