<?xml version="1.0" encoding="UTF-8"?>
<!-- Generated by org.testng.reporters.JUnitReportReporter -->
<testsuite hostname="DESKTOP-NQ2L7NS" failures="0" tests="1" name="Youtube.TabSwitchTest" time="13.714" errors="0" timestamp="2023-07-07T17:43:39 IST" skipped="0">
  <testcase classname="Youtube.TabSwitchTest" name="test1" time="13.714"/>
  <system-out/>
</testsuite> <!-- Youtube.TabSwitchTest -->
